{"/Users/mihailtoshev/plutus/plutus-clients/src/common/baseClient.js": {"path":"/Users/mihailtoshev/plutus/plutus-clients/src/common/baseClient.js","statementMap":{"0":{"start":{"line":2,"column":10},"end":{"line":2,"column":27}},"1":{"start":{"line":3,"column":14},"end":{"line":3,"column":35}},"2":{"start":{"line":5,"column":19},"end":{"line":10,"column":1}},"3":{"start":{"line":6,"column":2},"end":{"line":6,"column":60}},"4":{"start":{"line":6,"column":49},"end":{"line":6,"column":60}},"5":{"start":{"line":8,"column":22},"end":{"line":8,"column":36}},"6":{"start":{"line":9,"column":2},"end":{"line":9,"column":61}},"7":{"start":{"line":12,"column":17},"end":{"line":24,"column":1}},"8":{"start":{"line":13,"column":2},"end":{"line":16,"column":3}},"9":{"start":{"line":14,"column":19},"end":{"line":14,"column":54}},"10":{"start":{"line":15,"column":4},"end":{"line":15,"column":34}},"11":{"start":{"line":17,"column":17},"end":{"line":22,"column":8}},"12":{"start":{"line":18,"column":19},"end":{"line":18,"column":34}},"13":{"start":{"line":20,"column":4},"end":{"line":20,"column":31}},"14":{"start":{"line":20,"column":16},"end":{"line":20,"column":31}},"15":{"start":{"line":21,"column":4},"end":{"line":21,"column":12}},"16":{"start":{"line":23,"column":2},"end":{"line":23,"column":49}},"17":{"start":{"line":35,"column":4},"end":{"line":35,"column":26}},"18":{"start":{"line":36,"column":4},"end":{"line":36,"column":26}},"19":{"start":{"line":37,"column":4},"end":{"line":37,"column":32}},"20":{"start":{"line":38,"column":4},"end":{"line":38,"column":21}},"21":{"start":{"line":39,"column":4},"end":{"line":39,"column":38}},"22":{"start":{"line":40,"column":4},"end":{"line":40,"column":38}},"23":{"start":{"line":41,"column":4},"end":{"line":51,"column":5}},"24":{"start":{"line":52,"column":4},"end":{"line":52,"column":32}},"25":{"start":{"line":54,"column":4},"end":{"line":54,"column":54}},"26":{"start":{"line":56,"column":4},"end":{"line":56,"column":85}},"27":{"start":{"line":57,"column":4},"end":{"line":57,"column":40}},"28":{"start":{"line":58,"column":4},"end":{"line":60,"column":5}},"29":{"start":{"line":59,"column":6},"end":{"line":59,"column":55}},"30":{"start":{"line":61,"column":4},"end":{"line":61,"column":34}},"31":{"start":{"line":65,"column":57},"end":{"line":65,"column":64}},"32":{"start":{"line":66,"column":4},"end":{"line":66,"column":60}},"33":{"start":{"line":67,"column":4},"end":{"line":67,"column":60}},"34":{"start":{"line":68,"column":23},"end":{"line":68,"column":52}},"35":{"start":{"line":70,"column":4},"end":{"line":73,"column":6}},"36":{"start":{"line":77,"column":4},"end":{"line":79,"column":16}},"37":{"start":{"line":78,"column":16},"end":{"line":78,"column":75}},"38":{"start":{"line":86,"column":22},"end":{"line":86,"column":27}},"39":{"start":{"line":87,"column":19},"end":{"line":87,"column":20}},"40":{"start":{"line":89,"column":24},"end":{"line":89,"column":59}},"41":{"start":{"line":91,"column":4},"end":{"line":117,"column":25}},"42":{"start":{"line":92,"column":6},"end":{"line":92,"column":19}},"43":{"start":{"line":94,"column":6},"end":{"line":102,"column":7}},"44":{"start":{"line":95,"column":35},"end":{"line":95,"column":48}},"45":{"start":{"line":96,"column":8},"end":{"line":96,"column":43}},"46":{"start":{"line":97,"column":8},"end":{"line":97,"column":51}},"47":{"start":{"line":98,"column":8},"end":{"line":98,"column":36}},"48":{"start":{"line":100,"column":8},"end":{"line":100,"column":31}},"49":{"start":{"line":101,"column":8},"end":{"line":101,"column":19}},"50":{"start":{"line":104,"column":27},"end":{"line":104,"column":86}},"51":{"start":{"line":105,"column":6},"end":{"line":107,"column":23}},"52":{"start":{"line":108,"column":6},"end":{"line":108,"column":67}},"53":{"start":{"line":110,"column":6},"end":{"line":112,"column":7}},"54":{"start":{"line":111,"column":8},"end":{"line":111,"column":21}},"55":{"start":{"line":116,"column":6},"end":{"line":116,"column":68}},"56":{"start":{"line":118,"column":4},"end":{"line":118,"column":15}},"57":{"start":{"line":122,"column":4},"end":{"line":122,"column":13}},"58":{"start":{"line":126,"column":4},"end":{"line":128,"column":6}},"59":{"start":{"line":127,"column":6},"end":{"line":127,"column":29}},"60":{"start":{"line":132,"column":95},"end":{"line":132,"column":102}},"61":{"start":{"line":133,"column":18},"end":{"line":133,"column":25}},"62":{"start":{"line":135,"column":22},"end":{"line":135,"column":26}},"63":{"start":{"line":137,"column":4},"end":{"line":142,"column":5}},"64":{"start":{"line":138,"column":21},"end":{"line":138,"column":63}},"65":{"start":{"line":139,"column":6},"end":{"line":139,"column":77}},"66":{"start":{"line":141,"column":6},"end":{"line":141,"column":91}},"67":{"start":{"line":145,"column":4},"end":{"line":156,"column":6}},"68":{"start":{"line":160,"column":18},"end":{"line":160,"column":37}},"69":{"start":{"line":161,"column":19},"end":{"line":161,"column":40}},"70":{"start":{"line":162,"column":4},"end":{"line":162,"column":25}},"71":{"start":{"line":166,"column":23},"end":{"line":166,"column":56}},"72":{"start":{"line":167,"column":4},"end":{"line":167,"column":110}},"73":{"start":{"line":171,"column":4},"end":{"line":171,"column":58}},"74":{"start":{"line":175,"column":4},"end":{"line":175,"column":73}},"75":{"start":{"line":180,"column":4},"end":{"line":189,"column":5}},"76":{"start":{"line":193,"column":4},"end":{"line":207,"column":5}},"77":{"start":{"line":194,"column":27},"end":{"line":194,"column":48}},"78":{"start":{"line":195,"column":6},"end":{"line":197,"column":7}},"79":{"start":{"line":196,"column":8},"end":{"line":196,"column":38}},"80":{"start":{"line":199,"column":6},"end":{"line":199,"column":68}},"81":{"start":{"line":199,"column":37},"end":{"line":199,"column":68}},"82":{"start":{"line":201,"column":6},"end":{"line":201,"column":25}},"83":{"start":{"line":203,"column":6},"end":{"line":206,"column":7}},"84":{"start":{"line":211,"column":4},"end":{"line":211,"column":60}},"85":{"start":{"line":215,"column":4},"end":{"line":215,"column":61}},"86":{"start":{"line":219,"column":4},"end":{"line":219,"column":60}},"87":{"start":{"line":223,"column":4},"end":{"line":223,"column":63}},"88":{"start":{"line":227,"column":0},"end":{"line":227,"column":27}}},"fnMap":{"0":{"name":"(anonymous_0)","decl":{"start":{"line":5,"column":19},"end":{"line":5,"column":20}},"loc":{"start":{"line":5,"column":27},"end":{"line":10,"column":1}},"line":5},"1":{"name":"(anonymous_1)","decl":{"start":{"line":12,"column":17},"end":{"line":12,"column":18}},"loc":{"start":{"line":12,"column":24},"end":{"line":24,"column":1}},"line":12},"2":{"name":"(anonymous_2)","decl":{"start":{"line":17,"column":44},"end":{"line":17,"column":45}},"loc":{"start":{"line":17,"column":63},"end":{"line":22,"column":3}},"line":17},"3":{"name":"(anonymous_3)","decl":{"start":{"line":27,"column":2},"end":{"line":27,"column":3}},"loc":{"start":{"line":34,"column":5},"end":{"line":62,"column":3}},"line":34},"4":{"name":"(anonymous_4)","decl":{"start":{"line":64,"column":2},"end":{"line":64,"column":3}},"loc":{"start":{"line":64,"column":31},"end":{"line":74,"column":3}},"line":64},"5":{"name":"(anonymous_5)","decl":{"start":{"line":76,"column":2},"end":{"line":76,"column":3}},"loc":{"start":{"line":76,"column":22},"end":{"line":80,"column":3}},"line":76},"6":{"name":"(anonymous_6)","decl":{"start":{"line":78,"column":11},"end":{"line":78,"column":12}},"loc":{"start":{"line":78,"column":16},"end":{"line":78,"column":75}},"line":78},"7":{"name":"(anonymous_7)","decl":{"start":{"line":82,"column":2},"end":{"line":82,"column":3}},"loc":{"start":{"line":82,"column":46},"end":{"line":119,"column":3}},"line":82},"8":{"name":"(anonymous_8)","decl":{"start":{"line":121,"column":2},"end":{"line":121,"column":3}},"loc":{"start":{"line":121,"column":34},"end":{"line":123,"column":3}},"line":121},"9":{"name":"(anonymous_9)","decl":{"start":{"line":125,"column":2},"end":{"line":125,"column":3}},"loc":{"start":{"line":125,"column":11},"end":{"line":129,"column":3}},"line":125},"10":{"name":"(anonymous_10)","decl":{"start":{"line":126,"column":23},"end":{"line":126,"column":24}},"loc":{"start":{"line":126,"column":34},"end":{"line":128,"column":5}},"line":126},"11":{"name":"(anonymous_11)","decl":{"start":{"line":131,"column":2},"end":{"line":131,"column":3}},"loc":{"start":{"line":131,"column":33},"end":{"line":157,"column":3}},"line":131},"12":{"name":"(anonymous_12)","decl":{"start":{"line":159,"column":2},"end":{"line":159,"column":3}},"loc":{"start":{"line":159,"column":20},"end":{"line":163,"column":3}},"line":159},"13":{"name":"(anonymous_13)","decl":{"start":{"line":165,"column":2},"end":{"line":165,"column":3}},"loc":{"start":{"line":165,"column":28},"end":{"line":168,"column":3}},"line":165},"14":{"name":"(anonymous_14)","decl":{"start":{"line":170,"column":2},"end":{"line":170,"column":3}},"loc":{"start":{"line":170,"column":26},"end":{"line":172,"column":3}},"line":170},"15":{"name":"(anonymous_15)","decl":{"start":{"line":174,"column":2},"end":{"line":174,"column":3}},"loc":{"start":{"line":174,"column":42},"end":{"line":176,"column":3}},"line":174},"16":{"name":"(anonymous_16)","decl":{"start":{"line":179,"column":2},"end":{"line":179,"column":3}},"loc":{"start":{"line":179,"column":14},"end":{"line":190,"column":3}},"line":179},"17":{"name":"(anonymous_17)","decl":{"start":{"line":192,"column":2},"end":{"line":192,"column":3}},"loc":{"start":{"line":192,"column":32},"end":{"line":208,"column":3}},"line":192},"18":{"name":"(anonymous_18)","decl":{"start":{"line":210,"column":2},"end":{"line":210,"column":3}},"loc":{"start":{"line":210,"column":32},"end":{"line":212,"column":3}},"line":210},"19":{"name":"(anonymous_19)","decl":{"start":{"line":214,"column":2},"end":{"line":214,"column":3}},"loc":{"start":{"line":214,"column":33},"end":{"line":216,"column":3}},"line":214},"20":{"name":"(anonymous_20)","decl":{"start":{"line":218,"column":2},"end":{"line":218,"column":3}},"loc":{"start":{"line":218,"column":32},"end":{"line":220,"column":3}},"line":218},"21":{"name":"(anonymous_21)","decl":{"start":{"line":222,"column":2},"end":{"line":222,"column":3}},"loc":{"start":{"line":222,"column":35},"end":{"line":224,"column":3}},"line":222}},"branchMap":{"0":{"loc":{"start":{"line":6,"column":2},"end":{"line":6,"column":60}},"type":"if","locations":[{"start":{"line":6,"column":2},"end":{"line":6,"column":60}},{"start":{"line":6,"column":2},"end":{"line":6,"column":60}}],"line":6},"1":{"loc":{"start":{"line":6,"column":6},"end":{"line":6,"column":47}},"type":"binary-expr","locations":[{"start":{"line":6,"column":6},"end":{"line":6,"column":30}},{"start":{"line":6,"column":34},"end":{"line":6,"column":47}}],"line":6},"2":{"loc":{"start":{"line":9,"column":9},"end":{"line":9,"column":61}},"type":"binary-expr","locations":[{"start":{"line":9,"column":9},"end":{"line":9,"column":46}},{"start":{"line":9,"column":50},"end":{"line":9,"column":61}}],"line":9},"3":{"loc":{"start":{"line":13,"column":2},"end":{"line":16,"column":3}},"type":"if","locations":[{"start":{"line":13,"column":2},"end":{"line":16,"column":3}},{"start":{"line":13,"column":2},"end":{"line":16,"column":3}}],"line":13},"4":{"loc":{"start":{"line":15,"column":11},"end":{"line":15,"column":34}},"type":"binary-expr","locations":[{"start":{"line":15,"column":11},"end":{"line":15,"column":24}},{"start":{"line":15,"column":28},"end":{"line":15,"column":34}}],"line":15},"5":{"loc":{"start":{"line":20,"column":4},"end":{"line":20,"column":31}},"type":"if","locations":[{"start":{"line":20,"column":4},"end":{"line":20,"column":31}},{"start":{"line":20,"column":4},"end":{"line":20,"column":31}}],"line":20},"6":{"loc":{"start":{"line":23,"column":9},"end":{"line":23,"column":49}},"type":"binary-expr","locations":[{"start":{"line":23,"column":9},"end":{"line":23,"column":39}},{"start":{"line":23,"column":43},"end":{"line":23,"column":49}}],"line":23},"7":{"loc":{"start":{"line":29,"column":4},"end":{"line":29,"column":22}},"type":"default-arg","locations":[{"start":{"line":29,"column":18},"end":{"line":29,"column":22}}],"line":29},"8":{"loc":{"start":{"line":30,"column":4},"end":{"line":30,"column":16}},"type":"default-arg","locations":[{"start":{"line":30,"column":14},"end":{"line":30,"column":16}}],"line":30},"9":{"loc":{"start":{"line":31,"column":4},"end":{"line":31,"column":18}},"type":"default-arg","locations":[{"start":{"line":31,"column":17},"end":{"line":31,"column":18}}],"line":31},"10":{"loc":{"start":{"line":32,"column":4},"end":{"line":32,"column":33}},"type":"default-arg","locations":[{"start":{"line":32,"column":20},"end":{"line":32,"column":33}}],"line":32},"11":{"loc":{"start":{"line":33,"column":4},"end":{"line":33,"column":45}},"type":"default-arg","locations":[{"start":{"line":33,"column":20},"end":{"line":33,"column":45}}],"line":33},"12":{"loc":{"start":{"line":58,"column":4},"end":{"line":60,"column":5}},"type":"if","locations":[{"start":{"line":58,"column":4},"end":{"line":60,"column":5}},{"start":{"line":58,"column":4},"end":{"line":60,"column":5}}],"line":58},"13":{"loc":{"start":{"line":58,"column":8},"end":{"line":58,"column":76}},"type":"binary-expr","locations":[{"start":{"line":58,"column":8},"end":{"line":58,"column":19}},{"start":{"line":58,"column":23},"end":{"line":58,"column":76}}],"line":58},"14":{"loc":{"start":{"line":66,"column":25},"end":{"line":66,"column":60}},"type":"binary-expr","locations":[{"start":{"line":66,"column":25},"end":{"line":66,"column":38}},{"start":{"line":66,"column":42},"end":{"line":66,"column":60}}],"line":66},"15":{"loc":{"start":{"line":67,"column":25},"end":{"line":67,"column":60}},"type":"binary-expr","locations":[{"start":{"line":67,"column":25},"end":{"line":67,"column":38}},{"start":{"line":67,"column":42},"end":{"line":67,"column":60}}],"line":67},"16":{"loc":{"start":{"line":68,"column":23},"end":{"line":68,"column":52}},"type":"binary-expr","locations":[{"start":{"line":68,"column":23},"end":{"line":68,"column":33}},{"start":{"line":68,"column":37},"end":{"line":68,"column":52}}],"line":68},"17":{"loc":{"start":{"line":105,"column":22},"end":{"line":107,"column":23}},"type":"cond-expr","locations":[{"start":{"line":106,"column":10},"end":{"line":106,"column":75}},{"start":{"line":107,"column":10},"end":{"line":107,"column":23}}],"line":105},"18":{"loc":{"start":{"line":108,"column":20},"end":{"line":108,"column":67}},"type":"binary-expr","locations":[{"start":{"line":108,"column":20},"end":{"line":108,"column":41}},{"start":{"line":108,"column":45},"end":{"line":108,"column":67}}],"line":108},"19":{"loc":{"start":{"line":110,"column":6},"end":{"line":112,"column":7}},"type":"if","locations":[{"start":{"line":110,"column":6},"end":{"line":112,"column":7}},{"start":{"line":110,"column":6},"end":{"line":112,"column":7}}],"line":110},"20":{"loc":{"start":{"line":110,"column":10},"end":{"line":110,"column":32}},"type":"binary-expr","locations":[{"start":{"line":110,"column":10},"end":{"line":110,"column":22}},{"start":{"line":110,"column":26},"end":{"line":110,"column":32}}],"line":110},"21":{"loc":{"start":{"line":116,"column":6},"end":{"line":116,"column":68}},"type":"binary-expr","locations":[{"start":{"line":116,"column":6},"end":{"line":116,"column":17}},{"start":{"line":116,"column":22},"end":{"line":116,"column":67}}],"line":116},"22":{"loc":{"start":{"line":132,"column":12},"end":{"line":132,"column":27}},"type":"default-arg","locations":[{"start":{"line":132,"column":22},"end":{"line":132,"column":27}}],"line":132},"23":{"loc":{"start":{"line":132,"column":29},"end":{"line":132,"column":38}},"type":"default-arg","locations":[{"start":{"line":132,"column":36},"end":{"line":132,"column":38}}],"line":132},"24":{"loc":{"start":{"line":132,"column":40},"end":{"line":132,"column":52}},"type":"default-arg","locations":[{"start":{"line":132,"column":50},"end":{"line":132,"column":52}}],"line":132},"25":{"loc":{"start":{"line":132,"column":54},"end":{"line":132,"column":68}},"type":"default-arg","locations":[{"start":{"line":132,"column":63},"end":{"line":132,"column":68}}],"line":132},"26":{"loc":{"start":{"line":132,"column":70},"end":{"line":132,"column":90}},"type":"default-arg","locations":[{"start":{"line":132,"column":85},"end":{"line":132,"column":90}}],"line":132},"27":{"loc":{"start":{"line":137,"column":4},"end":{"line":142,"column":5}},"type":"if","locations":[{"start":{"line":137,"column":4},"end":{"line":142,"column":5}},{"start":{"line":137,"column":4},"end":{"line":142,"column":5}}],"line":137},"28":{"loc":{"start":{"line":137,"column":8},"end":{"line":137,"column":66}},"type":"binary-expr","locations":[{"start":{"line":137,"column":8},"end":{"line":137,"column":46}},{"start":{"line":137,"column":50},"end":{"line":137,"column":66}}],"line":137},"29":{"loc":{"start":{"line":138,"column":21},"end":{"line":138,"column":63}},"type":"cond-expr","locations":[{"start":{"line":138,"column":40},"end":{"line":138,"column":56}},{"start":{"line":138,"column":59},"end":{"line":138,"column":63}}],"line":138},"30":{"loc":{"start":{"line":139,"column":14},"end":{"line":139,"column":49}},"type":"cond-expr","locations":[{"start":{"line":139,"column":40},"end":{"line":139,"column":43}},{"start":{"line":139,"column":46},"end":{"line":139,"column":49}}],"line":139},"31":{"loc":{"start":{"line":141,"column":20},"end":{"line":141,"column":91}},"type":"cond-expr","locations":[{"start":{"line":141,"column":38},"end":{"line":141,"column":42}},{"start":{"line":141,"column":45},"end":{"line":141,"column":91}}],"line":141},"32":{"loc":{"start":{"line":141,"column":45},"end":{"line":141,"column":91}},"type":"cond-expr","locations":[{"start":{"line":141,"column":64},"end":{"line":141,"column":68}},{"start":{"line":141,"column":71},"end":{"line":141,"column":91}}],"line":141},"33":{"loc":{"start":{"line":152,"column":12},"end":{"line":152,"column":79}},"type":"cond-expr","locations":[{"start":{"line":152,"column":27},"end":{"line":152,"column":29}},{"start":{"line":152,"column":32},"end":{"line":152,"column":79}}],"line":152},"34":{"loc":{"start":{"line":166,"column":23},"end":{"line":166,"column":56}},"type":"cond-expr","locations":[{"start":{"line":166,"column":34},"end":{"line":166,"column":49}},{"start":{"line":166,"column":52},"end":{"line":166,"column":56}}],"line":166},"35":{"loc":{"start":{"line":167,"column":11},"end":{"line":167,"column":110}},"type":"binary-expr","locations":[{"start":{"line":167,"column":11},"end":{"line":167,"column":21}},{"start":{"line":167,"column":26},"end":{"line":167,"column":44}},{"start":{"line":167,"column":49},"end":{"line":167,"column":66}},{"start":{"line":167,"column":70},"end":{"line":167,"column":86}},{"start":{"line":167,"column":91},"end":{"line":167,"column":109}}],"line":167},"36":{"loc":{"start":{"line":171,"column":11},"end":{"line":171,"column":58}},"type":"binary-expr","locations":[{"start":{"line":171,"column":11},"end":{"line":171,"column":14}},{"start":{"line":171,"column":18},"end":{"line":171,"column":58}}],"line":171},"37":{"loc":{"start":{"line":175,"column":11},"end":{"line":175,"column":73}},"type":"binary-expr","locations":[{"start":{"line":175,"column":11},"end":{"line":175,"column":41}},{"start":{"line":175,"column":45},"end":{"line":175,"column":73}}],"line":175},"38":{"loc":{"start":{"line":181,"column":6},"end":{"line":188,"column":7}},"type":"binary-expr","locations":[{"start":{"line":181,"column":6},"end":{"line":181,"column":9}},{"start":{"line":182,"column":6},"end":{"line":182,"column":16}},{"start":{"line":183,"column":6},"end":{"line":188,"column":7}}],"line":181},"39":{"loc":{"start":{"line":195,"column":6},"end":{"line":197,"column":7}},"type":"if","locations":[{"start":{"line":195,"column":6},"end":{"line":197,"column":7}},{"start":{"line":195,"column":6},"end":{"line":197,"column":7}}],"line":195},"40":{"loc":{"start":{"line":199,"column":6},"end":{"line":199,"column":68}},"type":"if","locations":[{"start":{"line":199,"column":6},"end":{"line":199,"column":68}},{"start":{"line":199,"column":6},"end":{"line":199,"column":68}}],"line":199},"41":{"loc":{"start":{"line":210,"column":18},"end":{"line":210,"column":30}},"type":"default-arg","locations":[{"start":{"line":210,"column":28},"end":{"line":210,"column":30}}],"line":210},"42":{"loc":{"start":{"line":214,"column":19},"end":{"line":214,"column":31}},"type":"default-arg","locations":[{"start":{"line":214,"column":29},"end":{"line":214,"column":31}}],"line":214},"43":{"loc":{"start":{"line":218,"column":18},"end":{"line":218,"column":30}},"type":"default-arg","locations":[{"start":{"line":218,"column":28},"end":{"line":218,"column":30}}],"line":218},"44":{"loc":{"start":{"line":222,"column":21},"end":{"line":222,"column":33}},"type":"default-arg","locations":[{"start":{"line":222,"column":31},"end":{"line":222,"column":33}}],"line":222}},"s":{"0":4,"1":4,"2":4,"3":212,"4":184,"5":28,"6":28,"7":4,"8":56,"9":0,"10":0,"11":56,"12":212,"13":212,"14":196,"15":212,"16":56,"17":6,"18":6,"19":6,"20":6,"21":6,"22":6,"23":6,"24":6,"25":6,"26":6,"27":6,"28":6,"29":0,"30":6,"31":20,"32":20,"33":20,"34":20,"35":20,"36":0,"37":0,"38":20,"39":20,"40":20,"41":20,"42":32,"43":32,"44":32,"45":32,"46":28,"47":24,"48":8,"49":8,"50":32,"51":32,"52":32,"53":32,"54":18,"55":14,"56":2,"57":3,"58":12,"59":12,"60":28,"61":28,"62":28,"63":28,"64":0,"65":0,"66":28,"67":28,"68":0,"69":0,"70":0,"71":32,"72":32,"73":20,"74":32,"75":28,"76":17,"77":17,"78":17,"79":0,"80":17,"81":17,"82":0,"83":0,"84":5,"85":15,"86":0,"87":0,"88":4},"f":{"0":212,"1":56,"2":212,"3":6,"4":20,"5":0,"6":0,"7":20,"8":3,"9":12,"10":12,"11":28,"12":0,"13":32,"14":20,"15":32,"16":28,"17":17,"18":5,"19":15,"20":0,"21":0},"b":{"0":[184,28],"1":[212,44],"2":[28,28],"3":[0,56],"4":[0,0],"5":[196,16],"6":[56,56],"7":[6],"8":[6],"9":[5],"10":[1],"11":[6],"12":[0,6],"13":[6,0],"14":[20,20],"15":[20,20],"16":[20,20],"17":[8,24],"18":[32,16],"19":[18,14],"20":[32,20],"21":[14,12],"22":[28],"23":[9],"24":[12],"25":[0],"26":[18],"27":[0,28],"28":[28,9],"29":[0,0],"30":[0,0],"31":[9,19],"32":[5,14],"33":[10,18],"34":[28,4],"35":[32,28,24,0,24],"36":[20,4],"37":[32,20],"38":[28,28,28],"39":[0,17],"40":[17,0],"41":[3],"42":[0],"43":[0],"44":[0]},"_coverageSchema":"43e27e138ebf9cfc5966b082cf9a028302ed4184","hash":"21312a4221eaec340b52934a2b29237a077bd518"}
,"/Users/mihailtoshev/plutus/plutus-clients/src/common/errors.js": {"path":"/Users/mihailtoshev/plutus/plutus-clients/src/common/errors.js","statementMap":{"0":{"start":{"line":1,"column":10},"end":{"line":1,"column":27}},"1":{"start":{"line":3,"column":0},"end":{"line":18,"column":1}},"2":{"start":{"line":5,"column":18},"end":{"line":5,"column":29}},"3":{"start":{"line":6,"column":4},"end":{"line":6,"column":38}},"4":{"start":{"line":7,"column":4},"end":{"line":15,"column":5}},"5":{"start":{"line":8,"column":6},"end":{"line":11,"column":9}},"6":{"start":{"line":8,"column":42},"end":{"line":11,"column":7}},"7":{"start":{"line":13,"column":11},"end":{"line":15,"column":5}},"8":{"start":{"line":14,"column":6},"end":{"line":14,"column":29}},"9":{"start":{"line":16,"column":4},"end":{"line":16,"column":15}}},"fnMap":{"0":{"name":"(anonymous_0)","decl":{"start":{"line":4,"column":2},"end":{"line":4,"column":3}},"loc":{"start":{"line":4,"column":26},"end":{"line":17,"column":3}},"line":4},"1":{"name":"(anonymous_1)","decl":{"start":{"line":8,"column":36},"end":{"line":8,"column":37}},"loc":{"start":{"line":8,"column":42},"end":{"line":11,"column":7}},"line":8}},"branchMap":{"0":{"loc":{"start":{"line":7,"column":4},"end":{"line":15,"column":5}},"type":"if","locations":[{"start":{"line":7,"column":4},"end":{"line":15,"column":5}},{"start":{"line":7,"column":4},"end":{"line":15,"column":5}}],"line":7},"1":{"loc":{"start":{"line":13,"column":11},"end":{"line":15,"column":5}},"type":"if","locations":[{"start":{"line":13,"column":11},"end":{"line":15,"column":5}},{"start":{"line":13,"column":11},"end":{"line":15,"column":5}}],"line":13}},"s":{"0":1,"1":1,"2":4,"3":4,"4":4,"5":4,"6":4,"7":0,"8":0,"9":4},"f":{"0":4,"1":4},"b":{"0":[4,0],"1":[0,0]},"_coverageSchema":"43e27e138ebf9cfc5966b082cf9a028302ed4184","hash":"c4790af0f3a15323cc10c73a9a21e89c74c08849"}
,"/Users/mihailtoshev/plutus/plutus-clients/src/thirdparty/complyAdvantageClient.js": {"path":"/Users/mihailtoshev/plutus/plutus-clients/src/thirdparty/complyAdvantageClient.js","statementMap":{"0":{"start":{"line":1,"column":10},"end":{"line":1,"column":27}},"1":{"start":{"line":2,"column":19},"end":{"line":2,"column":50}},"2":{"start":{"line":6,"column":4},"end":{"line":6,"column":54}},"3":{"start":{"line":8,"column":4},"end":{"line":8,"column":63}},"4":{"start":{"line":9,"column":4},"end":{"line":9,"column":63}},"5":{"start":{"line":10,"column":4},"end":{"line":10,"column":64}},"6":{"start":{"line":14,"column":4},"end":{"line":16,"column":5}},"7":{"start":{"line":15,"column":6},"end":{"line":15,"column":24}},"8":{"start":{"line":18,"column":4},"end":{"line":18,"column":28}},"9":{"start":{"line":22,"column":4},"end":{"line":24,"column":5}},"10":{"start":{"line":28,"column":21},"end":{"line":36,"column":6}},"11":{"start":{"line":37,"column":4},"end":{"line":37,"column":31}},"12":{"start":{"line":41,"column":4},"end":{"line":51,"column":5}},"13":{"start":{"line":42,"column":6},"end":{"line":49,"column":7}},"14":{"start":{"line":43,"column":8},"end":{"line":43,"column":26}},"15":{"start":{"line":45,"column":8},"end":{"line":48,"column":9}},"16":{"start":{"line":50,"column":6},"end":{"line":50,"column":17}},"17":{"start":{"line":52,"column":4},"end":{"line":52,"column":16}},"18":{"start":{"line":56,"column":17},"end":{"line":65,"column":5}},"19":{"start":{"line":67,"column":4},"end":{"line":71,"column":6}},"20":{"start":{"line":75,"column":17},"end":{"line":82,"column":5}},"21":{"start":{"line":84,"column":4},"end":{"line":88,"column":6}},"22":{"start":{"line":92,"column":4},"end":{"line":92,"column":94}},"23":{"start":{"line":96,"column":4},"end":{"line":96,"column":82}},"24":{"start":{"line":100,"column":0},"end":{"line":100,"column":38}}},"fnMap":{"0":{"name":"(anonymous_0)","decl":{"start":{"line":5,"column":2},"end":{"line":5,"column":3}},"loc":{"start":{"line":5,"column":28},"end":{"line":11,"column":3}},"line":5},"1":{"name":"(anonymous_1)","decl":{"start":{"line":13,"column":2},"end":{"line":13,"column":3}},"loc":{"start":{"line":13,"column":34},"end":{"line":19,"column":3}},"line":13},"2":{"name":"(anonymous_2)","decl":{"start":{"line":21,"column":2},"end":{"line":21,"column":3}},"loc":{"start":{"line":21,"column":15},"end":{"line":25,"column":3}},"line":21},"3":{"name":"(anonymous_3)","decl":{"start":{"line":27,"column":2},"end":{"line":27,"column":3}},"loc":{"start":{"line":27,"column":23},"end":{"line":38,"column":3}},"line":27},"4":{"name":"(anonymous_4)","decl":{"start":{"line":40,"column":2},"end":{"line":40,"column":3}},"loc":{"start":{"line":40,"column":71},"end":{"line":53,"column":3}},"line":40},"5":{"name":"(anonymous_5)","decl":{"start":{"line":55,"column":2},"end":{"line":55,"column":3}},"loc":{"start":{"line":55,"column":50},"end":{"line":72,"column":3}},"line":55},"6":{"name":"(anonymous_6)","decl":{"start":{"line":74,"column":2},"end":{"line":74,"column":3}},"loc":{"start":{"line":74,"column":36},"end":{"line":89,"column":3}},"line":74},"7":{"name":"(anonymous_7)","decl":{"start":{"line":91,"column":2},"end":{"line":91,"column":3}},"loc":{"start":{"line":91,"column":34},"end":{"line":93,"column":3}},"line":91},"8":{"name":"(anonymous_8)","decl":{"start":{"line":95,"column":2},"end":{"line":95,"column":3}},"loc":{"start":{"line":95,"column":35},"end":{"line":97,"column":3}},"line":95}},"branchMap":{"0":{"loc":{"start":{"line":5,"column":14},"end":{"line":5,"column":26}},"type":"default-arg","locations":[{"start":{"line":5,"column":24},"end":{"line":5,"column":26}}],"line":5},"1":{"loc":{"start":{"line":8,"column":20},"end":{"line":8,"column":63}},"type":"binary-expr","locations":[{"start":{"line":8,"column":20},"end":{"line":8,"column":36}},{"start":{"line":8,"column":40},"end":{"line":8,"column":63}}],"line":8},"2":{"loc":{"start":{"line":9,"column":20},"end":{"line":9,"column":63}},"type":"binary-expr","locations":[{"start":{"line":9,"column":20},"end":{"line":9,"column":36}},{"start":{"line":9,"column":40},"end":{"line":9,"column":63}}],"line":9},"3":{"loc":{"start":{"line":14,"column":4},"end":{"line":16,"column":5}},"type":"if","locations":[{"start":{"line":14,"column":4},"end":{"line":16,"column":5}},{"start":{"line":14,"column":4},"end":{"line":16,"column":5}}],"line":14},"4":{"loc":{"start":{"line":41,"column":4},"end":{"line":51,"column":5}},"type":"if","locations":[{"start":{"line":41,"column":4},"end":{"line":51,"column":5}},{"start":{"line":41,"column":4},"end":{"line":51,"column":5}}],"line":41},"5":{"loc":{"start":{"line":42,"column":6},"end":{"line":49,"column":7}},"type":"if","locations":[{"start":{"line":42,"column":6},"end":{"line":49,"column":7}},{"start":{"line":42,"column":6},"end":{"line":49,"column":7}}],"line":42},"6":{"loc":{"start":{"line":42,"column":10},"end":{"line":42,"column":45}},"type":"binary-expr","locations":[{"start":{"line":42,"column":10},"end":{"line":42,"column":18}},{"start":{"line":42,"column":22},"end":{"line":42,"column":45}}],"line":42}},"s":{"0":1,"1":1,"2":1,"3":1,"4":1,"5":1,"6":11,"7":1,"8":11,"9":11,"10":5,"11":5,"12":11,"13":4,"14":4,"15":4,"16":0,"17":7,"18":1,"19":1,"20":0,"21":0,"22":1,"23":1,"24":1},"f":{"0":1,"1":11,"2":11,"3":5,"4":11,"5":1,"6":0,"7":1,"8":1},"b":{"0":[0],"1":[1,1],"2":[1,1],"3":[1,10],"4":[4,7],"5":[4,0],"6":[4,4]},"_coverageSchema":"43e27e138ebf9cfc5966b082cf9a028302ed4184","hash":"cfdcc6779246d602db85cc7de6d0127fc08548de"}
,"/Users/mihailtoshev/plutus/plutus-clients/src/thirdparty/contisClient.js": {"path":"/Users/mihailtoshev/plutus/plutus-clients/src/thirdparty/contisClient.js","statementMap":{"0":{"start":{"line":2,"column":10},"end":{"line":2,"column":27}},"1":{"start":{"line":3,"column":15},"end":{"line":3,"column":32}},"2":{"start":{"line":4,"column":15},"end":{"line":4,"column":32}},"3":{"start":{"line":5,"column":20},"end":{"line":5,"column":42}},"4":{"start":{"line":6,"column":19},"end":{"line":6,"column":50}},"5":{"start":{"line":7,"column":31},"end":{"line":7,"column":58}},"6":{"start":{"line":11,"column":4},"end":{"line":11,"column":61}},"7":{"start":{"line":13,"column":72},"end":{"line":13,"column":78}},"8":{"start":{"line":15,"column":4},"end":{"line":15,"column":55}},"9":{"start":{"line":16,"column":4},"end":{"line":16,"column":63}},"10":{"start":{"line":17,"column":4},"end":{"line":17,"column":63}},"11":{"start":{"line":18,"column":4},"end":{"line":18,"column":79}},"12":{"start":{"line":19,"column":4},"end":{"line":21,"column":5}},"13":{"start":{"line":20,"column":6},"end":{"line":20,"column":63}},"14":{"start":{"line":22,"column":4},"end":{"line":22,"column":50}},"15":{"start":{"line":23,"column":4},"end":{"line":23,"column":50}},"16":{"start":{"line":24,"column":4},"end":{"line":24,"column":52}},"17":{"start":{"line":25,"column":4},"end":{"line":25,"column":58}},"18":{"start":{"line":26,"column":4},"end":{"line":26,"column":82}},"19":{"start":{"line":27,"column":4},"end":{"line":27,"column":56}},"20":{"start":{"line":28,"column":4},"end":{"line":28,"column":48}},"21":{"start":{"line":29,"column":4},"end":{"line":29,"column":62}},"22":{"start":{"line":30,"column":4},"end":{"line":30,"column":76}},"23":{"start":{"line":31,"column":4},"end":{"line":31,"column":52}},"24":{"start":{"line":32,"column":4},"end":{"line":32,"column":48}},"25":{"start":{"line":33,"column":4},"end":{"line":33,"column":46}},"26":{"start":{"line":34,"column":4},"end":{"line":34,"column":68}},"27":{"start":{"line":35,"column":4},"end":{"line":35,"column":72}},"28":{"start":{"line":36,"column":4},"end":{"line":36,"column":86}},"29":{"start":{"line":37,"column":4},"end":{"line":37,"column":70}},"30":{"start":{"line":38,"column":4},"end":{"line":38,"column":70}},"31":{"start":{"line":42,"column":4},"end":{"line":44,"column":5}},"32":{"start":{"line":43,"column":6},"end":{"line":43,"column":24}},"33":{"start":{"line":46,"column":15},"end":{"line":46,"column":64}},"34":{"start":{"line":47,"column":16},"end":{"line":47,"column":66}},"35":{"start":{"line":49,"column":21},"end":{"line":49,"column":68}},"36":{"start":{"line":50,"column":20},"end":{"line":50,"column":71}},"37":{"start":{"line":51,"column":4},"end":{"line":51,"column":42}},"38":{"start":{"line":52,"column":4},"end":{"line":52,"column":20}},"39":{"start":{"line":56,"column":4},"end":{"line":58,"column":5}},"40":{"start":{"line":57,"column":6},"end":{"line":57,"column":24}},"41":{"start":{"line":60,"column":15},"end":{"line":60,"column":64}},"42":{"start":{"line":61,"column":16},"end":{"line":61,"column":66}},"43":{"start":{"line":63,"column":19},"end":{"line":63,"column":64}},"44":{"start":{"line":64,"column":20},"end":{"line":64,"column":72}},"45":{"start":{"line":65,"column":4},"end":{"line":65,"column":39}},"46":{"start":{"line":66,"column":4},"end":{"line":66,"column":20}},"47":{"start":{"line":70,"column":4},"end":{"line":72,"column":5}},"48":{"start":{"line":71,"column":6},"end":{"line":71,"column":24}},"49":{"start":{"line":74,"column":4},"end":{"line":74,"column":28}},"50":{"start":{"line":78,"column":4},"end":{"line":80,"column":5}},"51":{"start":{"line":84,"column":25},"end":{"line":84,"column":46}},"52":{"start":{"line":85,"column":4},"end":{"line":87,"column":5}},"53":{"start":{"line":86,"column":6},"end":{"line":86,"column":44}},"54":{"start":{"line":89,"column":4},"end":{"line":89,"column":66}},"55":{"start":{"line":89,"column":35},"end":{"line":89,"column":66}},"56":{"start":{"line":91,"column":4},"end":{"line":91,"column":23}},"57":{"start":{"line":95,"column":4},"end":{"line":97,"column":5}},"58":{"start":{"line":96,"column":6},"end":{"line":96,"column":52}},"59":{"start":{"line":99,"column":4},"end":{"line":99,"column":31}},"60":{"start":{"line":103,"column":4},"end":{"line":113,"column":5}},"61":{"start":{"line":104,"column":6},"end":{"line":111,"column":7}},"62":{"start":{"line":105,"column":8},"end":{"line":105,"column":26}},"63":{"start":{"line":107,"column":8},"end":{"line":110,"column":9}},"64":{"start":{"line":112,"column":6},"end":{"line":112,"column":17}},"65":{"start":{"line":114,"column":4},"end":{"line":114,"column":16}},"66":{"start":{"line":118,"column":21},"end":{"line":129,"column":6}},"67":{"start":{"line":131,"column":4},"end":{"line":131,"column":38}},"68":{"start":{"line":132,"column":4},"end":{"line":132,"column":50}},"69":{"start":{"line":136,"column":4},"end":{"line":136,"column":44}},"70":{"start":{"line":140,"column":21},"end":{"line":140,"column":25}},"71":{"start":{"line":143,"column":8},"end":{"line":143,"column":15}},"72":{"start":{"line":151,"column":8},"end":{"line":151,"column":19}},"73":{"start":{"line":153,"column":4},"end":{"line":159,"column":5}},"74":{"start":{"line":154,"column":6},"end":{"line":154,"column":60}},"75":{"start":{"line":155,"column":11},"end":{"line":159,"column":5}},"76":{"start":{"line":156,"column":6},"end":{"line":156,"column":32}},"77":{"start":{"line":157,"column":11},"end":{"line":159,"column":5}},"78":{"start":{"line":158,"column":6},"end":{"line":158,"column":32}},"79":{"start":{"line":162,"column":4},"end":{"line":172,"column":5}},"80":{"start":{"line":163,"column":6},"end":{"line":163,"column":36}},"81":{"start":{"line":165,"column":36},"end":{"line":165,"column":82}},"82":{"start":{"line":167,"column":6},"end":{"line":170,"column":7}},"83":{"start":{"line":168,"column":8},"end":{"line":168,"column":47}},"84":{"start":{"line":169,"column":8},"end":{"line":169,"column":28}},"85":{"start":{"line":171,"column":6},"end":{"line":171,"column":13}},"86":{"start":{"line":173,"column":4},"end":{"line":173,"column":19}},"87":{"start":{"line":177,"column":17},"end":{"line":181,"column":5}},"88":{"start":{"line":182,"column":4},"end":{"line":182,"column":72}},"89":{"start":{"line":186,"column":17},"end":{"line":189,"column":5}},"90":{"start":{"line":191,"column":4},"end":{"line":194,"column":6}},"91":{"start":{"line":198,"column":4},"end":{"line":198,"column":113}},"92":{"start":{"line":202,"column":17},"end":{"line":206,"column":5}},"93":{"start":{"line":207,"column":4},"end":{"line":210,"column":6}},"94":{"start":{"line":214,"column":17},"end":{"line":217,"column":5}},"95":{"start":{"line":218,"column":4},"end":{"line":221,"column":6}},"96":{"start":{"line":225,"column":4},"end":{"line":225,"column":101}},"97":{"start":{"line":229,"column":17},"end":{"line":232,"column":5}},"98":{"start":{"line":233,"column":4},"end":{"line":236,"column":6}},"99":{"start":{"line":240,"column":4},"end":{"line":240,"column":100}},"100":{"start":{"line":244,"column":17},"end":{"line":247,"column":5}},"101":{"start":{"line":249,"column":4},"end":{"line":252,"column":6}},"102":{"start":{"line":256,"column":4},"end":{"line":256,"column":113}},"103":{"start":{"line":260,"column":17},"end":{"line":262,"column":5}},"104":{"start":{"line":264,"column":4},"end":{"line":267,"column":6}},"105":{"start":{"line":271,"column":4},"end":{"line":273,"column":5}},"106":{"start":{"line":272,"column":6},"end":{"line":272,"column":59}},"107":{"start":{"line":275,"column":17},"end":{"line":279,"column":5}},"108":{"start":{"line":281,"column":21},"end":{"line":284,"column":6}},"109":{"start":{"line":286,"column":4},"end":{"line":286,"column":73}},"110":{"start":{"line":290,"column":31},"end":{"line":290,"column":35}},"111":{"start":{"line":291,"column":4},"end":{"line":322,"column":5}},"112":{"start":{"line":326,"column":27},"end":{"line":326,"column":33}},"113":{"start":{"line":327,"column":4},"end":{"line":332,"column":6}},"114":{"start":{"line":336,"column":4},"end":{"line":336,"column":90}},"115":{"start":{"line":340,"column":17},"end":{"line":344,"column":5}},"116":{"start":{"line":346,"column":4},"end":{"line":349,"column":6}},"117":{"start":{"line":353,"column":4},"end":{"line":353,"column":91}},"118":{"start":{"line":357,"column":4},"end":{"line":360,"column":6}},"119":{"start":{"line":364,"column":4},"end":{"line":364,"column":83}},"120":{"start":{"line":368,"column":4},"end":{"line":371,"column":6}},"121":{"start":{"line":375,"column":17},"end":{"line":380,"column":5}},"122":{"start":{"line":382,"column":4},"end":{"line":385,"column":6}},"123":{"start":{"line":389,"column":4},"end":{"line":389,"column":82}},"124":{"start":{"line":393,"column":17},"end":{"line":400,"column":5}},"125":{"start":{"line":402,"column":4},"end":{"line":405,"column":6}},"126":{"start":{"line":409,"column":4},"end":{"line":409,"column":84}},"127":{"start":{"line":413,"column":17},"end":{"line":416,"column":5}},"128":{"start":{"line":418,"column":4},"end":{"line":421,"column":6}},"129":{"start":{"line":425,"column":4},"end":{"line":425,"column":73}},"130":{"start":{"line":429,"column":17},"end":{"line":435,"column":5}},"131":{"start":{"line":437,"column":4},"end":{"line":440,"column":6}},"132":{"start":{"line":444,"column":4},"end":{"line":452,"column":6}},"133":{"start":{"line":456,"column":17},"end":{"line":463,"column":5}},"134":{"start":{"line":465,"column":4},"end":{"line":468,"column":6}},"135":{"start":{"line":472,"column":4},"end":{"line":483,"column":6}},"136":{"start":{"line":487,"column":17},"end":{"line":490,"column":5}},"137":{"start":{"line":492,"column":4},"end":{"line":495,"column":6}},"138":{"start":{"line":499,"column":4},"end":{"line":499,"column":86}},"139":{"start":{"line":503,"column":17},"end":{"line":510,"column":5}},"140":{"start":{"line":512,"column":4},"end":{"line":515,"column":6}},"141":{"start":{"line":519,"column":4},"end":{"line":519,"column":72}},"142":{"start":{"line":523,"column":17},"end":{"line":527,"column":5}},"143":{"start":{"line":529,"column":4},"end":{"line":532,"column":6}},"144":{"start":{"line":536,"column":4},"end":{"line":536,"column":71}},"145":{"start":{"line":540,"column":17},"end":{"line":545,"column":5}},"146":{"start":{"line":547,"column":4},"end":{"line":550,"column":6}},"147":{"start":{"line":554,"column":4},"end":{"line":554,"column":74}},"148":{"start":{"line":558,"column":17},"end":{"line":561,"column":5}},"149":{"start":{"line":563,"column":4},"end":{"line":566,"column":6}},"150":{"start":{"line":570,"column":0},"end":{"line":570,"column":29}}},"fnMap":{"0":{"name":"(anonymous_0)","decl":{"start":{"line":10,"column":2},"end":{"line":10,"column":3}},"loc":{"start":{"line":10,"column":22},"end":{"line":39,"column":3}},"line":10},"1":{"name":"(anonymous_1)","decl":{"start":{"line":41,"column":2},"end":{"line":41,"column":3}},"loc":{"start":{"line":41,"column":30},"end":{"line":53,"column":3}},"line":41},"2":{"name":"(anonymous_2)","decl":{"start":{"line":55,"column":2},"end":{"line":55,"column":3}},"loc":{"start":{"line":55,"column":22},"end":{"line":67,"column":3}},"line":55},"3":{"name":"(anonymous_3)","decl":{"start":{"line":69,"column":2},"end":{"line":69,"column":3}},"loc":{"start":{"line":69,"column":34},"end":{"line":75,"column":3}},"line":69},"4":{"name":"(anonymous_4)","decl":{"start":{"line":77,"column":2},"end":{"line":77,"column":3}},"loc":{"start":{"line":77,"column":15},"end":{"line":81,"column":3}},"line":77},"5":{"name":"(anonymous_5)","decl":{"start":{"line":83,"column":2},"end":{"line":83,"column":3}},"loc":{"start":{"line":83,"column":24},"end":{"line":92,"column":3}},"line":83},"6":{"name":"(anonymous_6)","decl":{"start":{"line":94,"column":2},"end":{"line":94,"column":3}},"loc":{"start":{"line":94,"column":32},"end":{"line":100,"column":3}},"line":94},"7":{"name":"(anonymous_7)","decl":{"start":{"line":102,"column":2},"end":{"line":102,"column":3}},"loc":{"start":{"line":102,"column":62},"end":{"line":115,"column":3}},"line":102},"8":{"name":"(anonymous_8)","decl":{"start":{"line":117,"column":2},"end":{"line":117,"column":3}},"loc":{"start":{"line":117,"column":16},"end":{"line":133,"column":3}},"line":117},"9":{"name":"(anonymous_9)","decl":{"start":{"line":135,"column":2},"end":{"line":135,"column":3}},"loc":{"start":{"line":135,"column":17},"end":{"line":137,"column":3}},"line":135},"10":{"name":"(anonymous_10)","decl":{"start":{"line":139,"column":2},"end":{"line":139,"column":3}},"loc":{"start":{"line":139,"column":42},"end":{"line":174,"column":3}},"line":139},"11":{"name":"(anonymous_11)","decl":{"start":{"line":176,"column":2},"end":{"line":176,"column":3}},"loc":{"start":{"line":176,"column":46},"end":{"line":183,"column":3}},"line":176},"12":{"name":"(anonymous_12)","decl":{"start":{"line":185,"column":2},"end":{"line":185,"column":3}},"loc":{"start":{"line":185,"column":40},"end":{"line":195,"column":3}},"line":185},"13":{"name":"(anonymous_13)","decl":{"start":{"line":197,"column":2},"end":{"line":197,"column":3}},"loc":{"start":{"line":197,"column":64},"end":{"line":199,"column":3}},"line":197},"14":{"name":"(anonymous_14)","decl":{"start":{"line":201,"column":2},"end":{"line":201,"column":3}},"loc":{"start":{"line":201,"column":48},"end":{"line":211,"column":3}},"line":201},"15":{"name":"(anonymous_15)","decl":{"start":{"line":213,"column":2},"end":{"line":213,"column":3}},"loc":{"start":{"line":213,"column":45},"end":{"line":222,"column":3}},"line":213},"16":{"name":"(anonymous_16)","decl":{"start":{"line":224,"column":2},"end":{"line":224,"column":3}},"loc":{"start":{"line":224,"column":52},"end":{"line":226,"column":3}},"line":224},"17":{"name":"(anonymous_17)","decl":{"start":{"line":228,"column":2},"end":{"line":228,"column":3}},"loc":{"start":{"line":228,"column":44},"end":{"line":237,"column":3}},"line":228},"18":{"name":"(anonymous_18)","decl":{"start":{"line":239,"column":2},"end":{"line":239,"column":3}},"loc":{"start":{"line":239,"column":51},"end":{"line":241,"column":3}},"line":239},"19":{"name":"(anonymous_19)","decl":{"start":{"line":243,"column":2},"end":{"line":243,"column":3}},"loc":{"start":{"line":243,"column":57},"end":{"line":253,"column":3}},"line":243},"20":{"name":"(anonymous_20)","decl":{"start":{"line":255,"column":2},"end":{"line":255,"column":3}},"loc":{"start":{"line":255,"column":64},"end":{"line":257,"column":3}},"line":255},"21":{"name":"(anonymous_21)","decl":{"start":{"line":259,"column":2},"end":{"line":259,"column":3}},"loc":{"start":{"line":259,"column":34},"end":{"line":268,"column":3}},"line":259},"22":{"name":"(anonymous_22)","decl":{"start":{"line":270,"column":2},"end":{"line":270,"column":3}},"loc":{"start":{"line":270,"column":47},"end":{"line":287,"column":3}},"line":270},"23":{"name":"(anonymous_23)","decl":{"start":{"line":289,"column":2},"end":{"line":289,"column":3}},"loc":{"start":{"line":289,"column":31},"end":{"line":323,"column":3}},"line":289},"24":{"name":"(anonymous_24)","decl":{"start":{"line":325,"column":2},"end":{"line":325,"column":3}},"loc":{"start":{"line":325,"column":42},"end":{"line":333,"column":3}},"line":325},"25":{"name":"(anonymous_25)","decl":{"start":{"line":335,"column":2},"end":{"line":335,"column":3}},"loc":{"start":{"line":335,"column":41},"end":{"line":337,"column":3}},"line":335},"26":{"name":"(anonymous_26)","decl":{"start":{"line":339,"column":2},"end":{"line":339,"column":3}},"loc":{"start":{"line":339,"column":37},"end":{"line":350,"column":3}},"line":339},"27":{"name":"(anonymous_27)","decl":{"start":{"line":352,"column":2},"end":{"line":352,"column":3}},"loc":{"start":{"line":352,"column":54},"end":{"line":354,"column":3}},"line":352},"28":{"name":"(anonymous_28)","decl":{"start":{"line":356,"column":2},"end":{"line":356,"column":3}},"loc":{"start":{"line":356,"column":59},"end":{"line":361,"column":3}},"line":356},"29":{"name":"(anonymous_29)","decl":{"start":{"line":363,"column":2},"end":{"line":363,"column":3}},"loc":{"start":{"line":363,"column":46},"end":{"line":365,"column":3}},"line":363},"30":{"name":"(anonymous_30)","decl":{"start":{"line":367,"column":2},"end":{"line":367,"column":3}},"loc":{"start":{"line":367,"column":51},"end":{"line":372,"column":3}},"line":367},"31":{"name":"(anonymous_31)","decl":{"start":{"line":374,"column":2},"end":{"line":374,"column":3}},"loc":{"start":{"line":374,"column":50},"end":{"line":386,"column":3}},"line":374},"32":{"name":"(anonymous_32)","decl":{"start":{"line":388,"column":2},"end":{"line":388,"column":3}},"loc":{"start":{"line":388,"column":45},"end":{"line":390,"column":3}},"line":388},"33":{"name":"(anonymous_33)","decl":{"start":{"line":392,"column":2},"end":{"line":392,"column":3}},"loc":{"start":{"line":392,"column":52},"end":{"line":406,"column":3}},"line":392},"34":{"name":"(anonymous_34)","decl":{"start":{"line":408,"column":2},"end":{"line":408,"column":3}},"loc":{"start":{"line":408,"column":47},"end":{"line":410,"column":3}},"line":408},"35":{"name":"(anonymous_35)","decl":{"start":{"line":412,"column":2},"end":{"line":412,"column":3}},"loc":{"start":{"line":412,"column":41},"end":{"line":422,"column":3}},"line":412},"36":{"name":"(anonymous_36)","decl":{"start":{"line":424,"column":2},"end":{"line":424,"column":3}},"loc":{"start":{"line":424,"column":36},"end":{"line":426,"column":3}},"line":424},"37":{"name":"(anonymous_37)","decl":{"start":{"line":428,"column":2},"end":{"line":428,"column":3}},"loc":{"start":{"line":428,"column":51},"end":{"line":441,"column":3}},"line":428},"38":{"name":"(anonymous_38)","decl":{"start":{"line":443,"column":2},"end":{"line":443,"column":3}},"loc":{"start":{"line":443,"column":68},"end":{"line":453,"column":3}},"line":443},"39":{"name":"(anonymous_39)","decl":{"start":{"line":455,"column":2},"end":{"line":455,"column":3}},"loc":{"start":{"line":455,"column":47},"end":{"line":469,"column":3}},"line":455},"40":{"name":"(anonymous_40)","decl":{"start":{"line":471,"column":2},"end":{"line":471,"column":3}},"loc":{"start":{"line":471,"column":64},"end":{"line":484,"column":3}},"line":471},"41":{"name":"(anonymous_41)","decl":{"start":{"line":486,"column":2},"end":{"line":486,"column":3}},"loc":{"start":{"line":486,"column":54},"end":{"line":496,"column":3}},"line":486},"42":{"name":"(anonymous_42)","decl":{"start":{"line":498,"column":2},"end":{"line":498,"column":3}},"loc":{"start":{"line":498,"column":49},"end":{"line":500,"column":3}},"line":498},"43":{"name":"(anonymous_43)","decl":{"start":{"line":502,"column":2},"end":{"line":502,"column":3}},"loc":{"start":{"line":502,"column":40},"end":{"line":516,"column":3}},"line":502},"44":{"name":"(anonymous_44)","decl":{"start":{"line":518,"column":2},"end":{"line":518,"column":3}},"loc":{"start":{"line":518,"column":35},"end":{"line":520,"column":3}},"line":518},"45":{"name":"(anonymous_45)","decl":{"start":{"line":522,"column":2},"end":{"line":522,"column":3}},"loc":{"start":{"line":522,"column":39},"end":{"line":533,"column":3}},"line":522},"46":{"name":"(anonymous_46)","decl":{"start":{"line":535,"column":2},"end":{"line":535,"column":3}},"loc":{"start":{"line":535,"column":34},"end":{"line":537,"column":3}},"line":535},"47":{"name":"(anonymous_47)","decl":{"start":{"line":539,"column":2},"end":{"line":539,"column":3}},"loc":{"start":{"line":539,"column":42},"end":{"line":551,"column":3}},"line":539},"48":{"name":"(anonymous_48)","decl":{"start":{"line":553,"column":2},"end":{"line":553,"column":3}},"loc":{"start":{"line":553,"column":37},"end":{"line":555,"column":3}},"line":553},"49":{"name":"(anonymous_49)","decl":{"start":{"line":557,"column":2},"end":{"line":557,"column":3}},"loc":{"start":{"line":557,"column":38},"end":{"line":567,"column":3}},"line":557}},"branchMap":{"0":{"loc":{"start":{"line":16,"column":20},"end":{"line":16,"column":63}},"type":"binary-expr","locations":[{"start":{"line":16,"column":20},"end":{"line":16,"column":28}},{"start":{"line":16,"column":32},"end":{"line":16,"column":63}}],"line":16},"1":{"loc":{"start":{"line":17,"column":20},"end":{"line":17,"column":63}},"type":"binary-expr","locations":[{"start":{"line":17,"column":20},"end":{"line":17,"column":28}},{"start":{"line":17,"column":32},"end":{"line":17,"column":63}}],"line":17},"2":{"loc":{"start":{"line":18,"column":26},"end":{"line":18,"column":79}},"type":"binary-expr","locations":[{"start":{"line":18,"column":26},"end":{"line":18,"column":40}},{"start":{"line":18,"column":44},"end":{"line":18,"column":79}}],"line":18},"3":{"loc":{"start":{"line":19,"column":4},"end":{"line":21,"column":5}},"type":"if","locations":[{"start":{"line":19,"column":4},"end":{"line":21,"column":5}},{"start":{"line":19,"column":4},"end":{"line":21,"column":5}}],"line":19},"4":{"loc":{"start":{"line":19,"column":8},"end":{"line":19,"column":92}},"type":"binary-expr","locations":[{"start":{"line":19,"column":8},"end":{"line":19,"column":27}},{"start":{"line":19,"column":31},"end":{"line":19,"column":92}}],"line":19},"5":{"loc":{"start":{"line":42,"column":4},"end":{"line":44,"column":5}},"type":"if","locations":[{"start":{"line":42,"column":4},"end":{"line":44,"column":5}},{"start":{"line":42,"column":4},"end":{"line":44,"column":5}}],"line":42},"6":{"loc":{"start":{"line":56,"column":4},"end":{"line":58,"column":5}},"type":"if","locations":[{"start":{"line":56,"column":4},"end":{"line":58,"column":5}},{"start":{"line":56,"column":4},"end":{"line":58,"column":5}}],"line":56},"7":{"loc":{"start":{"line":70,"column":4},"end":{"line":72,"column":5}},"type":"if","locations":[{"start":{"line":70,"column":4},"end":{"line":72,"column":5}},{"start":{"line":70,"column":4},"end":{"line":72,"column":5}}],"line":70},"8":{"loc":{"start":{"line":85,"column":4},"end":{"line":87,"column":5}},"type":"if","locations":[{"start":{"line":85,"column":4},"end":{"line":87,"column":5}},{"start":{"line":85,"column":4},"end":{"line":87,"column":5}}],"line":85},"9":{"loc":{"start":{"line":89,"column":4},"end":{"line":89,"column":66}},"type":"if","locations":[{"start":{"line":89,"column":4},"end":{"line":89,"column":66}},{"start":{"line":89,"column":4},"end":{"line":89,"column":66}}],"line":89},"10":{"loc":{"start":{"line":95,"column":4},"end":{"line":97,"column":5}},"type":"if","locations":[{"start":{"line":95,"column":4},"end":{"line":97,"column":5}},{"start":{"line":95,"column":4},"end":{"line":97,"column":5}}],"line":95},"11":{"loc":{"start":{"line":103,"column":4},"end":{"line":113,"column":5}},"type":"if","locations":[{"start":{"line":103,"column":4},"end":{"line":113,"column":5}},{"start":{"line":103,"column":4},"end":{"line":113,"column":5}}],"line":103},"12":{"loc":{"start":{"line":104,"column":6},"end":{"line":111,"column":7}},"type":"if","locations":[{"start":{"line":104,"column":6},"end":{"line":111,"column":7}},{"start":{"line":104,"column":6},"end":{"line":111,"column":7}}],"line":104},"13":{"loc":{"start":{"line":104,"column":10},"end":{"line":104,"column":45}},"type":"binary-expr","locations":[{"start":{"line":104,"column":10},"end":{"line":104,"column":18}},{"start":{"line":104,"column":22},"end":{"line":104,"column":45}}],"line":104},"14":{"loc":{"start":{"line":153,"column":4},"end":{"line":159,"column":5}},"type":"if","locations":[{"start":{"line":153,"column":4},"end":{"line":159,"column":5}},{"start":{"line":153,"column":4},"end":{"line":159,"column":5}}],"line":153},"15":{"loc":{"start":{"line":153,"column":8},"end":{"line":153,"column":49}},"type":"binary-expr","locations":[{"start":{"line":153,"column":8},"end":{"line":153,"column":28}},{"start":{"line":153,"column":32},"end":{"line":153,"column":49}}],"line":153},"16":{"loc":{"start":{"line":154,"column":19},"end":{"line":154,"column":60}},"type":"binary-expr","locations":[{"start":{"line":154,"column":19},"end":{"line":154,"column":39}},{"start":{"line":154,"column":43},"end":{"line":154,"column":60}}],"line":154},"17":{"loc":{"start":{"line":155,"column":11},"end":{"line":159,"column":5}},"type":"if","locations":[{"start":{"line":155,"column":11},"end":{"line":159,"column":5}},{"start":{"line":155,"column":11},"end":{"line":159,"column":5}}],"line":155},"18":{"loc":{"start":{"line":155,"column":15},"end":{"line":155,"column":77}},"type":"binary-expr","locations":[{"start":{"line":155,"column":15},"end":{"line":155,"column":49}},{"start":{"line":155,"column":53},"end":{"line":155,"column":77}}],"line":155},"19":{"loc":{"start":{"line":157,"column":11},"end":{"line":159,"column":5}},"type":"if","locations":[{"start":{"line":157,"column":11},"end":{"line":159,"column":5}},{"start":{"line":157,"column":11},"end":{"line":159,"column":5}}],"line":157},"20":{"loc":{"start":{"line":157,"column":15},"end":{"line":157,"column":77}},"type":"binary-expr","locations":[{"start":{"line":157,"column":15},"end":{"line":157,"column":49}},{"start":{"line":157,"column":53},"end":{"line":157,"column":77}}],"line":157},"21":{"loc":{"start":{"line":167,"column":6},"end":{"line":170,"column":7}},"type":"if","locations":[{"start":{"line":167,"column":6},"end":{"line":170,"column":7}},{"start":{"line":167,"column":6},"end":{"line":170,"column":7}}],"line":167},"22":{"loc":{"start":{"line":167,"column":10},"end":{"line":167,"column":45}},"type":"binary-expr","locations":[{"start":{"line":167,"column":10},"end":{"line":167,"column":31}},{"start":{"line":167,"column":35},"end":{"line":167,"column":45}}],"line":167},"23":{"loc":{"start":{"line":271,"column":4},"end":{"line":273,"column":5}},"type":"if","locations":[{"start":{"line":271,"column":4},"end":{"line":273,"column":5}},{"start":{"line":271,"column":4},"end":{"line":273,"column":5}}],"line":271},"24":{"loc":{"start":{"line":434,"column":16},"end":{"line":434,"column":37}},"type":"binary-expr","locations":[{"start":{"line":434,"column":16},"end":{"line":434,"column":31}},{"start":{"line":434,"column":35},"end":{"line":434,"column":37}}],"line":434},"25":{"loc":{"start":{"line":460,"column":16},"end":{"line":460,"column":37}},"type":"binary-expr","locations":[{"start":{"line":460,"column":16},"end":{"line":460,"column":31}},{"start":{"line":460,"column":35},"end":{"line":460,"column":37}}],"line":460}},"s":{"0":1,"1":1,"2":1,"3":1,"4":1,"5":1,"6":1,"7":1,"8":1,"9":1,"10":1,"11":1,"12":1,"13":0,"14":1,"15":1,"16":1,"17":1,"18":1,"19":1,"20":1,"21":1,"22":1,"23":1,"24":1,"25":1,"26":1,"27":1,"28":1,"29":1,"30":1,"31":0,"32":0,"33":0,"34":0,"35":0,"36":0,"37":0,"38":0,"39":0,"40":0,"41":0,"42":0,"43":0,"44":0,"45":0,"46":0,"47":11,"48":1,"49":11,"50":11,"51":11,"52":11,"53":0,"54":11,"55":11,"56":0,"57":11,"58":4,"59":7,"60":11,"61":4,"62":4,"63":4,"64":0,"65":7,"66":5,"67":5,"68":5,"69":0,"70":2,"71":2,"72":2,"73":2,"74":0,"75":2,"76":2,"77":0,"78":0,"79":2,"80":2,"81":1,"82":1,"83":0,"84":0,"85":1,"86":1,"87":0,"88":0,"89":1,"90":1,"91":1,"92":0,"93":0,"94":1,"95":1,"96":1,"97":0,"98":0,"99":0,"100":0,"101":0,"102":0,"103":0,"104":0,"105":0,"106":0,"107":0,"108":0,"109":0,"110":1,"111":1,"112":0,"113":0,"114":0,"115":1,"116":1,"117":0,"118":0,"119":0,"120":0,"121":0,"122":0,"123":0,"124":0,"125":0,"126":0,"127":0,"128":0,"129":0,"130":0,"131":0,"132":0,"133":0,"134":0,"135":0,"136":0,"137":0,"138":0,"139":0,"140":0,"141":0,"142":0,"143":0,"144":0,"145":0,"146":0,"147":0,"148":0,"149":0,"150":1},"f":{"0":1,"1":0,"2":0,"3":11,"4":11,"5":11,"6":11,"7":11,"8":5,"9":0,"10":2,"11":0,"12":1,"13":1,"14":0,"15":1,"16":1,"17":0,"18":0,"19":0,"20":0,"21":0,"22":0,"23":1,"24":0,"25":0,"26":1,"27":0,"28":0,"29":0,"30":0,"31":0,"32":0,"33":0,"34":0,"35":0,"36":0,"37":0,"38":0,"39":0,"40":0,"41":0,"42":0,"43":0,"44":0,"45":0,"46":0,"47":0,"48":0,"49":0},"b":{"0":[1,1],"1":[1,1],"2":[1,1],"3":[0,1],"4":[1,0],"5":[0,0],"6":[0,0],"7":[1,10],"8":[0,11],"9":[11,0],"10":[4,7],"11":[4,7],"12":[4,0],"13":[4,4],"14":[0,2],"15":[2,2],"16":[0,0],"17":[2,0],"18":[2,2],"19":[0,0],"20":[0,0],"21":[0,1],"22":[1,0],"23":[0,0],"24":[0,0],"25":[0,0]},"_coverageSchema":"43e27e138ebf9cfc5966b082cf9a028302ed4184","hash":"76b51bd6e6d759f16de14168688b8f92ec37c84e"}
,"/Users/mihailtoshev/plutus/plutus-clients/src/thirdparty/veriffClient.js": {"path":"/Users/mihailtoshev/plutus/plutus-clients/src/thirdparty/veriffClient.js","statementMap":{"0":{"start":{"line":1,"column":15},"end":{"line":1,"column":32}},"1":{"start":{"line":2,"column":19},"end":{"line":2,"column":50}},"2":{"start":{"line":6,"column":4},"end":{"line":6,"column":61}},"3":{"start":{"line":7,"column":4},"end":{"line":7,"column":61}},"4":{"start":{"line":8,"column":4},"end":{"line":8,"column":70}},"5":{"start":{"line":16,"column":15},"end":{"line":16,"column":22}},"6":{"start":{"line":18,"column":4},"end":{"line":20,"column":5}},"7":{"start":{"line":19,"column":6},"end":{"line":19,"column":33}},"8":{"start":{"line":22,"column":4},"end":{"line":24,"column":5}},"9":{"start":{"line":23,"column":6},"end":{"line":23,"column":38}},"10":{"start":{"line":26,"column":4},"end":{"line":30,"column":20}},"11":{"start":{"line":34,"column":22},"end":{"line":34,"column":63}},"12":{"start":{"line":35,"column":4},"end":{"line":38,"column":5}},"13":{"start":{"line":42,"column":4},"end":{"line":42,"column":43}},"14":{"start":{"line":46,"column":0},"end":{"line":46,"column":29}}},"fnMap":{"0":{"name":"(anonymous_0)","decl":{"start":{"line":5,"column":2},"end":{"line":5,"column":3}},"loc":{"start":{"line":5,"column":27},"end":{"line":9,"column":3}},"line":5},"1":{"name":"(anonymous_1)","decl":{"start":{"line":15,"column":2},"end":{"line":15,"column":3}},"loc":{"start":{"line":15,"column":35},"end":{"line":31,"column":3}},"line":15},"2":{"name":"(anonymous_2)","decl":{"start":{"line":33,"column":2},"end":{"line":33,"column":3}},"loc":{"start":{"line":33,"column":50},"end":{"line":39,"column":3}},"line":33},"3":{"name":"(anonymous_3)","decl":{"start":{"line":41,"column":2},"end":{"line":41,"column":3}},"loc":{"start":{"line":41,"column":28},"end":{"line":43,"column":3}},"line":41}},"branchMap":{"0":{"loc":{"start":{"line":5,"column":14},"end":{"line":5,"column":25}},"type":"default-arg","locations":[{"start":{"line":5,"column":23},"end":{"line":5,"column":25}}],"line":5},"1":{"loc":{"start":{"line":7,"column":18},"end":{"line":7,"column":61}},"type":"binary-expr","locations":[{"start":{"line":7,"column":18},"end":{"line":7,"column":31}},{"start":{"line":7,"column":35},"end":{"line":7,"column":61}}],"line":7},"2":{"loc":{"start":{"line":8,"column":21},"end":{"line":8,"column":70}},"type":"binary-expr","locations":[{"start":{"line":8,"column":21},"end":{"line":8,"column":37}},{"start":{"line":8,"column":41},"end":{"line":8,"column":70}}],"line":8},"3":{"loc":{"start":{"line":18,"column":4},"end":{"line":20,"column":5}},"type":"if","locations":[{"start":{"line":18,"column":4},"end":{"line":20,"column":5}},{"start":{"line":18,"column":4},"end":{"line":20,"column":5}}],"line":18},"4":{"loc":{"start":{"line":22,"column":4},"end":{"line":24,"column":5}},"type":"if","locations":[{"start":{"line":22,"column":4},"end":{"line":24,"column":5}},{"start":{"line":22,"column":4},"end":{"line":24,"column":5}}],"line":22},"5":{"loc":{"start":{"line":33,"column":32},"end":{"line":33,"column":48}},"type":"default-arg","locations":[{"start":{"line":33,"column":46},"end":{"line":33,"column":48}}],"line":33}},"s":{"0":1,"1":1,"2":1,"3":1,"4":1,"5":5,"6":5,"7":1,"8":5,"9":4,"10":5,"11":2,"12":2,"13":1,"14":1},"f":{"0":1,"1":5,"2":2,"3":1},"b":{"0":[0],"1":[1,0],"2":[1,0],"3":[1,4],"4":[4,1],"5":[0]},"_coverageSchema":"43e27e138ebf9cfc5966b082cf9a028302ed4184","hash":"0403b30fd592ade28de18f170e301d21f0868c32"}
}
