TN:
SF:/Users/mihailtoshev/plutus/plutus-clients/src/common/baseClient.js
FN:5,(anonymous_0)
FN:12,(anonymous_1)
FN:17,(anonymous_2)
FN:27,(anonymous_3)
FN:64,(anonymous_4)
FN:76,(anonymous_5)
FN:78,(anonymous_6)
FN:82,(anonymous_7)
FN:121,(anonymous_8)
FN:125,(anonymous_9)
FN:126,(anonymous_10)
FN:131,(anonymous_11)
FN:159,(anonymous_12)
FN:165,(anonymous_13)
FN:170,(anonymous_14)
FN:174,(anonymous_15)
FN:179,(anonymous_16)
FN:192,(anonymous_17)
FN:210,(anonymous_18)
FN:214,(anonymous_19)
FN:218,(anonymous_20)
FN:222,(anonymous_21)
FNF:22
FNH:17
FNDA:212,(anonymous_0)
FNDA:56,(anonymous_1)
FNDA:212,(anonymous_2)
FNDA:6,(anonymous_3)
FNDA:20,(anonymous_4)
FNDA:0,(anonymous_5)
FNDA:0,(anonymous_6)
FNDA:20,(anonymous_7)
FNDA:3,(anonymous_8)
FNDA:12,(anonymous_9)
FNDA:12,(anonymous_10)
FNDA:28,(anonymous_11)
FNDA:0,(anonymous_12)
FNDA:32,(anonymous_13)
FNDA:20,(anonymous_14)
FNDA:32,(anonymous_15)
FNDA:28,(anonymous_16)
FNDA:17,(anonymous_17)
FNDA:5,(anonymous_18)
FNDA:15,(anonymous_19)
FNDA:0,(anonymous_20)
FNDA:0,(anonymous_21)
DA:2,4
DA:3,4
DA:5,4
DA:6,212
DA:8,28
DA:9,28
DA:12,4
DA:13,56
DA:14,0
DA:15,0
DA:17,56
DA:18,212
DA:20,212
DA:21,212
DA:23,56
DA:35,6
DA:36,6
DA:37,6
DA:38,6
DA:39,6
DA:40,6
DA:41,6
DA:52,6
DA:54,6
DA:56,6
DA:57,6
DA:58,6
DA:59,0
DA:61,6
DA:65,20
DA:66,20
DA:67,20
DA:68,20
DA:70,20
DA:77,0
DA:78,0
DA:86,20
DA:87,20
DA:89,20
DA:91,20
DA:92,32
DA:94,32
DA:95,32
DA:96,32
DA:97,28
DA:98,24
DA:100,8
DA:101,8
DA:104,32
DA:105,32
DA:108,32
DA:110,32
DA:111,18
DA:116,14
DA:118,2
DA:122,3
DA:126,12
DA:127,12
DA:132,28
DA:133,28
DA:135,28
DA:137,28
DA:138,0
DA:139,0
DA:141,28
DA:145,28
DA:160,0
DA:161,0
DA:162,0
DA:166,32
DA:167,32
DA:171,20
DA:175,32
DA:180,28
DA:193,17
DA:194,17
DA:195,17
DA:196,0
DA:199,17
DA:201,0
DA:203,0
DA:211,5
DA:215,15
DA:219,0
DA:223,0
DA:227,4
LF:86
LH:71
BRDA:6,0,0,184
BRDA:6,0,1,28
BRDA:6,1,0,212
BRDA:6,1,1,44
BRDA:9,2,0,28
BRDA:9,2,1,28
BRDA:13,3,0,0
BRDA:13,3,1,56
BRDA:15,4,0,0
BRDA:15,4,1,0
BRDA:20,5,0,196
BRDA:20,5,1,16
BRDA:23,6,0,56
BRDA:23,6,1,56
BRDA:29,7,0,6
BRDA:30,8,0,6
BRDA:31,9,0,5
BRDA:32,10,0,1
BRDA:33,11,0,6
BRDA:58,12,0,0
BRDA:58,12,1,6
BRDA:58,13,0,6
BRDA:58,13,1,0
BRDA:66,14,0,20
BRDA:66,14,1,20
BRDA:67,15,0,20
BRDA:67,15,1,20
BRDA:68,16,0,20
BRDA:68,16,1,20
BRDA:105,17,0,8
BRDA:105,17,1,24
BRDA:108,18,0,32
BRDA:108,18,1,16
BRDA:110,19,0,18
BRDA:110,19,1,14
BRDA:110,20,0,32
BRDA:110,20,1,20
BRDA:116,21,0,14
BRDA:116,21,1,12
BRDA:132,22,0,28
BRDA:132,23,0,9
BRDA:132,24,0,12
BRDA:132,25,0,0
BRDA:132,26,0,18
BRDA:137,27,0,0
BRDA:137,27,1,28
BRDA:137,28,0,28
BRDA:137,28,1,9
BRDA:138,29,0,0
BRDA:138,29,1,0
BRDA:139,30,0,0
BRDA:139,30,1,0
BRDA:141,31,0,9
BRDA:141,31,1,19
BRDA:141,32,0,5
BRDA:141,32,1,14
BRDA:152,33,0,10
BRDA:152,33,1,18
BRDA:166,34,0,28
BRDA:166,34,1,4
BRDA:167,35,0,32
BRDA:167,35,1,28
BRDA:167,35,2,24
BRDA:167,35,3,0
BRDA:167,35,4,24
BRDA:171,36,0,20
BRDA:171,36,1,4
BRDA:175,37,0,32
BRDA:175,37,1,20
BRDA:181,38,0,28
BRDA:181,38,1,28
BRDA:181,38,2,28
BRDA:195,39,0,0
BRDA:195,39,1,17
BRDA:199,40,0,17
BRDA:199,40,1,0
BRDA:210,41,0,3
BRDA:214,42,0,0
BRDA:218,43,0,0
BRDA:222,44,0,0
BRF:80
BRH:63
end_of_record
TN:
SF:/Users/mihailtoshev/plutus/plutus-clients/src/common/errors.js
FN:4,(anonymous_0)
FN:8,(anonymous_1)
FNF:2
FNH:2
FNDA:4,(anonymous_0)
FNDA:4,(anonymous_1)
DA:1,1
DA:3,1
DA:5,4
DA:6,4
DA:7,4
DA:8,4
DA:13,0
DA:14,0
DA:16,4
LF:9
LH:7
BRDA:7,0,0,4
BRDA:7,0,1,0
BRDA:13,1,0,0
BRDA:13,1,1,0
BRF:4
BRH:1
end_of_record
TN:
SF:/Users/mihailtoshev/plutus/plutus-clients/src/thirdparty/complyAdvantageClient.js
FN:5,(anonymous_0)
FN:13,(anonymous_1)
FN:21,(anonymous_2)
FN:27,(anonymous_3)
FN:40,(anonymous_4)
FN:55,(anonymous_5)
FN:74,(anonymous_6)
FN:91,(anonymous_7)
FN:95,(anonymous_8)
FNF:9
FNH:8
FNDA:1,(anonymous_0)
FNDA:11,(anonymous_1)
FNDA:11,(anonymous_2)
FNDA:5,(anonymous_3)
FNDA:11,(anonymous_4)
FNDA:1,(anonymous_5)
FNDA:0,(anonymous_6)
FNDA:1,(anonymous_7)
FNDA:1,(anonymous_8)
DA:1,1
DA:2,1
DA:6,1
DA:8,1
DA:9,1
DA:10,1
DA:14,11
DA:15,1
DA:18,11
DA:22,11
DA:28,5
DA:37,5
DA:41,11
DA:42,4
DA:43,4
DA:45,4
DA:50,0
DA:52,7
DA:56,1
DA:67,1
DA:75,0
DA:84,0
DA:92,1
DA:96,1
DA:100,1
LF:25
LH:22
BRDA:5,0,0,0
BRDA:8,1,0,1
BRDA:8,1,1,1
BRDA:9,2,0,1
BRDA:9,2,1,1
BRDA:14,3,0,1
BRDA:14,3,1,10
BRDA:41,4,0,4
BRDA:41,4,1,7
BRDA:42,5,0,4
BRDA:42,5,1,0
BRDA:42,6,0,4
BRDA:42,6,1,4
BRF:13
BRH:11
end_of_record
TN:
SF:/Users/mihailtoshev/plutus/plutus-clients/src/thirdparty/contisClient.js
FN:10,(anonymous_0)
FN:41,(anonymous_1)
FN:55,(anonymous_2)
FN:69,(anonymous_3)
FN:77,(anonymous_4)
FN:83,(anonymous_5)
FN:94,(anonymous_6)
FN:102,(anonymous_7)
FN:117,(anonymous_8)
FN:135,(anonymous_9)
FN:139,(anonymous_10)
FN:176,(anonymous_11)
FN:185,(anonymous_12)
FN:197,(anonymous_13)
FN:201,(anonymous_14)
FN:213,(anonymous_15)
FN:224,(anonymous_16)
FN:228,(anonymous_17)
FN:239,(anonymous_18)
FN:243,(anonymous_19)
FN:255,(anonymous_20)
FN:259,(anonymous_21)
FN:270,(anonymous_22)
FN:289,(anonymous_23)
FN:325,(anonymous_24)
FN:335,(anonymous_25)
FN:339,(anonymous_26)
FN:352,(anonymous_27)
FN:356,(anonymous_28)
FN:363,(anonymous_29)
FN:367,(anonymous_30)
FN:374,(anonymous_31)
FN:388,(anonymous_32)
FN:392,(anonymous_33)
FN:408,(anonymous_34)
FN:412,(anonymous_35)
FN:424,(anonymous_36)
FN:428,(anonymous_37)
FN:443,(anonymous_38)
FN:455,(anonymous_39)
FN:471,(anonymous_40)
FN:486,(anonymous_41)
FN:498,(anonymous_42)
FN:502,(anonymous_43)
FN:518,(anonymous_44)
FN:522,(anonymous_45)
FN:535,(anonymous_46)
FN:539,(anonymous_47)
FN:553,(anonymous_48)
FN:557,(anonymous_49)
FNF:50
FNH:14
FNDA:1,(anonymous_0)
FNDA:0,(anonymous_1)
FNDA:0,(anonymous_2)
FNDA:11,(anonymous_3)
FNDA:11,(anonymous_4)
FNDA:11,(anonymous_5)
FNDA:11,(anonymous_6)
FNDA:11,(anonymous_7)
FNDA:5,(anonymous_8)
FNDA:0,(anonymous_9)
FNDA:2,(anonymous_10)
FNDA:0,(anonymous_11)
FNDA:1,(anonymous_12)
FNDA:1,(anonymous_13)
FNDA:0,(anonymous_14)
FNDA:1,(anonymous_15)
FNDA:1,(anonymous_16)
FNDA:0,(anonymous_17)
FNDA:0,(anonymous_18)
FNDA:0,(anonymous_19)
FNDA:0,(anonymous_20)
FNDA:0,(anonymous_21)
FNDA:0,(anonymous_22)
FNDA:1,(anonymous_23)
FNDA:0,(anonymous_24)
FNDA:0,(anonymous_25)
FNDA:1,(anonymous_26)
FNDA:0,(anonymous_27)
FNDA:0,(anonymous_28)
FNDA:0,(anonymous_29)
FNDA:0,(anonymous_30)
FNDA:0,(anonymous_31)
FNDA:0,(anonymous_32)
FNDA:0,(anonymous_33)
FNDA:0,(anonymous_34)
FNDA:0,(anonymous_35)
FNDA:0,(anonymous_36)
FNDA:0,(anonymous_37)
FNDA:0,(anonymous_38)
FNDA:0,(anonymous_39)
FNDA:0,(anonymous_40)
FNDA:0,(anonymous_41)
FNDA:0,(anonymous_42)
FNDA:0,(anonymous_43)
FNDA:0,(anonymous_44)
FNDA:0,(anonymous_45)
FNDA:0,(anonymous_46)
FNDA:0,(anonymous_47)
FNDA:0,(anonymous_48)
FNDA:0,(anonymous_49)
DA:2,1
DA:3,1
DA:4,1
DA:5,1
DA:6,1
DA:7,1
DA:11,1
DA:13,1
DA:15,1
DA:16,1
DA:17,1
DA:18,1
DA:19,1
DA:20,0
DA:22,1
DA:23,1
DA:24,1
DA:25,1
DA:26,1
DA:27,1
DA:28,1
DA:29,1
DA:30,1
DA:31,1
DA:32,1
DA:33,1
DA:34,1
DA:35,1
DA:36,1
DA:37,1
DA:38,1
DA:42,0
DA:43,0
DA:46,0
DA:47,0
DA:49,0
DA:50,0
DA:51,0
DA:52,0
DA:56,0
DA:57,0
DA:60,0
DA:61,0
DA:63,0
DA:64,0
DA:65,0
DA:66,0
DA:70,11
DA:71,1
DA:74,11
DA:78,11
DA:84,11
DA:85,11
DA:86,0
DA:89,11
DA:91,0
DA:95,11
DA:96,4
DA:99,7
DA:103,11
DA:104,4
DA:105,4
DA:107,4
DA:112,0
DA:114,7
DA:118,5
DA:131,5
DA:132,5
DA:136,0
DA:140,2
DA:143,2
DA:151,2
DA:153,2
DA:154,0
DA:155,2
DA:156,2
DA:157,0
DA:158,0
DA:162,2
DA:163,2
DA:165,1
DA:167,1
DA:168,0
DA:169,0
DA:171,1
DA:173,1
DA:177,0
DA:182,0
DA:186,1
DA:191,1
DA:198,1
DA:202,0
DA:207,0
DA:214,1
DA:218,1
DA:225,1
DA:229,0
DA:233,0
DA:240,0
DA:244,0
DA:249,0
DA:256,0
DA:260,0
DA:264,0
DA:271,0
DA:272,0
DA:275,0
DA:281,0
DA:286,0
DA:290,1
DA:291,1
DA:326,0
DA:327,0
DA:336,0
DA:340,1
DA:346,1
DA:353,0
DA:357,0
DA:364,0
DA:368,0
DA:375,0
DA:382,0
DA:389,0
DA:393,0
DA:402,0
DA:409,0
DA:413,0
DA:418,0
DA:425,0
DA:429,0
DA:437,0
DA:444,0
DA:456,0
DA:465,0
DA:472,0
DA:487,0
DA:492,0
DA:499,0
DA:503,0
DA:512,0
DA:519,0
DA:523,0
DA:529,0
DA:536,0
DA:540,0
DA:547,0
DA:554,0
DA:558,0
DA:563,0
DA:570,1
LF:150
LH:71
BRDA:16,0,0,1
BRDA:16,0,1,1
BRDA:17,1,0,1
BRDA:17,1,1,1
BRDA:18,2,0,1
BRDA:18,2,1,1
BRDA:19,3,0,0
BRDA:19,3,1,1
BRDA:19,4,0,1
BRDA:19,4,1,0
BRDA:42,5,0,0
BRDA:42,5,1,0
BRDA:56,6,0,0
BRDA:56,6,1,0
BRDA:70,7,0,1
BRDA:70,7,1,10
BRDA:85,8,0,0
BRDA:85,8,1,11
BRDA:89,9,0,11
BRDA:89,9,1,0
BRDA:95,10,0,4
BRDA:95,10,1,7
BRDA:103,11,0,4
BRDA:103,11,1,7
BRDA:104,12,0,4
BRDA:104,12,1,0
BRDA:104,13,0,4
BRDA:104,13,1,4
BRDA:153,14,0,0
BRDA:153,14,1,2
BRDA:153,15,0,2
BRDA:153,15,1,2
BRDA:154,16,0,0
BRDA:154,16,1,0
BRDA:155,17,0,2
BRDA:155,17,1,0
BRDA:155,18,0,2
BRDA:155,18,1,2
BRDA:157,19,0,0
BRDA:157,19,1,0
BRDA:157,20,0,0
BRDA:157,20,1,0
BRDA:167,21,0,0
BRDA:167,21,1,1
BRDA:167,22,0,1
BRDA:167,22,1,0
BRDA:271,23,0,0
BRDA:271,23,1,0
BRDA:434,24,0,0
BRDA:434,24,1,0
BRDA:460,25,0,0
BRDA:460,25,1,0
BRF:52
BRH:27
end_of_record
TN:
SF:/Users/mihailtoshev/plutus/plutus-clients/src/thirdparty/veriffClient.js
FN:5,(anonymous_0)
FN:15,(anonymous_1)
FN:33,(anonymous_2)
FN:41,(anonymous_3)
FNF:4
FNH:4
FNDA:1,(anonymous_0)
FNDA:5,(anonymous_1)
FNDA:2,(anonymous_2)
FNDA:1,(anonymous_3)
DA:1,1
DA:2,1
DA:6,1
DA:7,1
DA:8,1
DA:16,5
DA:18,5
DA:19,1
DA:22,5
DA:23,4
DA:26,5
DA:34,2
DA:35,2
DA:42,1
DA:46,1
LF:15
LH:15
BRDA:5,0,0,0
BRDA:7,1,0,1
BRDA:7,1,1,0
BRDA:8,2,0,1
BRDA:8,2,1,0
BRDA:18,3,0,1
BRDA:18,3,1,4
BRDA:22,4,0,4
BRDA:22,4,1,1
BRDA:33,5,0,0
BRF:10
BRH:6
end_of_record
